{"C:\\Users\\hayesbirchle\\Coding\\AllPawsOnDeck\\server.js": {"path":"C:\\Users\\hayesbirchle\\Coding\\AllPawsOnDeck\\server.js","statementMap":{"0":{"start":{"line":16,"column":15},"end":{"line":16,"column":33}},"1":{"start":{"line":17,"column":15},"end":{"line":17,"column":24}},"2":{"start":{"line":18,"column":15},"end":{"line":18,"column":37}},"3":{"start":{"line":19,"column":15},"end":{"line":19,"column":34}},"4":{"start":{"line":20,"column":15},"end":{"line":20,"column":34}},"5":{"start":{"line":21,"column":15},"end":{"line":21,"column":39}},"6":{"start":{"line":23,"column":19},"end":{"line":23,"column":36}},"7":{"start":{"line":24,"column":19},"end":{"line":24,"column":43}},"8":{"start":{"line":25,"column":19},"end":{"line":25,"column":41}},"9":{"start":{"line":26,"column":19},"end":{"line":26,"column":45}},"10":{"start":{"line":29,"column":11},"end":{"line":29,"column":26}},"11":{"start":{"line":44,"column":0},"end":{"line":51,"column":3}},"12":{"start":{"line":45,"column":4},"end":{"line":49,"column":5}},"13":{"start":{"line":46,"column":8},"end":{"line":46,"column":79}},"14":{"start":{"line":48,"column":8},"end":{"line":48,"column":55}},"15":{"start":{"line":54,"column":0},"end":{"line":54,"column":24}},"16":{"start":{"line":56,"column":0},"end":{"line":56,"column":22}},"17":{"start":{"line":58,"column":0},"end":{"line":58,"column":27}},"18":{"start":{"line":60,"column":0},"end":{"line":60,"column":39}},"19":{"start":{"line":63,"column":0},"end":{"line":63,"column":23}},"20":{"start":{"line":69,"column":0},"end":{"line":69,"column":56}},"21":{"start":{"line":70,"column":0},"end":{"line":70,"column":91}},"22":{"start":{"line":72,"column":0},"end":{"line":72,"column":30}},"23":{"start":{"line":76,"column":0},"end":{"line":76,"column":60}},"24":{"start":{"line":77,"column":0},"end":{"line":77,"column":31}},"25":{"start":{"line":78,"column":0},"end":{"line":78,"column":28}},"26":{"start":{"line":79,"column":0},"end":{"line":79,"column":17}},"27":{"start":{"line":82,"column":0},"end":{"line":82,"column":49}},"28":{"start":{"line":85,"column":0},"end":{"line":85,"column":17}},"29":{"start":{"line":87,"column":13},"end":{"line":87,"column":29}},"30":{"start":{"line":89,"column":0},"end":{"line":89,"column":49}},"31":{"start":{"line":91,"column":0},"end":{"line":91,"column":24}}},"fnMap":{"0":{"name":"(anonymous_0)","decl":{"start":{"line":44,"column":80},"end":{"line":44,"column":81}},"loc":{"start":{"line":44,"column":86},"end":{"line":51,"column":1}},"line":44}},"branchMap":{"0":{"loc":{"start":{"line":18,"column":15},"end":{"line":18,"column":37}},"type":"binary-expr","locations":[{"start":{"line":18,"column":15},"end":{"line":18,"column":31}},{"start":{"line":18,"column":35},"end":{"line":18,"column":37}}],"line":18},"1":{"loc":{"start":{"line":45,"column":4},"end":{"line":49,"column":5}},"type":"if","locations":[{"start":{"line":45,"column":4},"end":{"line":49,"column":5}},{"start":{"line":45,"column":4},"end":{"line":49,"column":5}}],"line":45}},"s":{"0":1,"1":1,"2":1,"3":1,"4":1,"5":1,"6":1,"7":1,"8":1,"9":1,"10":1,"11":1,"12":1,"13":0,"14":1,"15":1,"16":1,"17":1,"18":1,"19":1,"20":1,"21":1,"22":1,"23":1,"24":1,"25":1,"26":1,"27":1,"28":1,"29":1,"30":1,"31":1},"f":{"0":1},"b":{"0":[1,1],"1":[0,1]},"_coverageSchema":"332fd63041d2c1bcb487cc26dd0d5f7d97098a6c","hash":"b5d0fc5aee1520e3da02beadfc676fd899e8fa6c"}
,"C:\\Users\\hayesbirchle\\Coding\\AllPawsOnDeck\\config\\passport.js": {"path":"C:\\Users\\hayesbirchle\\Coding\\AllPawsOnDeck\\config\\passport.js","statementMap":{"0":{"start":{"line":1,"column":15},"end":{"line":1,"column":34}},"1":{"start":{"line":3,"column":22},"end":{"line":3,"column":56}},"2":{"start":{"line":6,"column":12},"end":{"line":6,"column":37}},"3":{"start":{"line":9,"column":0},"end":{"line":94,"column":2}},"4":{"start":{"line":18,"column":4},"end":{"line":21,"column":7}},"5":{"start":{"line":19,"column":8},"end":{"line":19,"column":45}},"6":{"start":{"line":20,"column":8},"end":{"line":20,"column":28}},"7":{"start":{"line":24,"column":4},"end":{"line":29,"column":7}},"8":{"start":{"line":25,"column":8},"end":{"line":25,"column":47}},"9":{"start":{"line":26,"column":8},"end":{"line":28,"column":10}},"10":{"start":{"line":27,"column":12},"end":{"line":27,"column":28}},"11":{"start":{"line":34,"column":4},"end":{"line":61,"column":8}},"12":{"start":{"line":44,"column":8},"end":{"line":60,"column":11}},"13":{"start":{"line":45,"column":12},"end":{"line":59,"column":13}},"14":{"start":{"line":46,"column":16},"end":{"line":56,"column":17}},"15":{"start":{"line":49,"column":24},"end":{"line":49,"column":101}},"16":{"start":{"line":50,"column":24},"end":{"line":50,"column":30}},"17":{"start":{"line":52,"column":24},"end":{"line":52,"column":94}},"18":{"start":{"line":53,"column":24},"end":{"line":53,"column":30}},"19":{"start":{"line":55,"column":24},"end":{"line":55,"column":41}},"20":{"start":{"line":58,"column":15},"end":{"line":58,"column":39}},"21":{"start":{"line":69,"column":4},"end":{"line":92,"column":8}},"22":{"start":{"line":76,"column":8},"end":{"line":90,"column":11}},"23":{"start":{"line":77,"column":12},"end":{"line":89,"column":15}},"24":{"start":{"line":78,"column":16},"end":{"line":78,"column":51}},"25":{"start":{"line":79,"column":16},"end":{"line":88,"column":17}},"26":{"start":{"line":80,"column":20},"end":{"line":85,"column":21}},"27":{"start":{"line":81,"column":24},"end":{"line":81,"column":90}},"28":{"start":{"line":83,"column":24},"end":{"line":83,"column":79}},"29":{"start":{"line":84,"column":24},"end":{"line":84,"column":41}},"30":{"start":{"line":87,"column":20},"end":{"line":87,"column":45}}},"fnMap":{"0":{"name":"(anonymous_0)","decl":{"start":{"line":9,"column":17},"end":{"line":9,"column":18}},"loc":{"start":{"line":9,"column":36},"end":{"line":94,"column":1}},"line":9},"1":{"name":"(anonymous_1)","decl":{"start":{"line":18,"column":27},"end":{"line":18,"column":28}},"loc":{"start":{"line":18,"column":48},"end":{"line":21,"column":5}},"line":18},"2":{"name":"(anonymous_2)","decl":{"start":{"line":24,"column":29},"end":{"line":24,"column":30}},"loc":{"start":{"line":24,"column":48},"end":{"line":29,"column":5}},"line":24},"3":{"name":"(anonymous_3)","decl":{"start":{"line":26,"column":30},"end":{"line":26,"column":31}},"loc":{"start":{"line":26,"column":49},"end":{"line":28,"column":9}},"line":26},"4":{"name":"(anonymous_4)","decl":{"start":{"line":40,"column":4},"end":{"line":40,"column":5}},"loc":{"start":{"line":40,"column":41},"end":{"line":61,"column":5}},"line":40},"5":{"name":"(anonymous_5)","decl":{"start":{"line":44,"column":44},"end":{"line":44,"column":45}},"loc":{"start":{"line":44,"column":64},"end":{"line":60,"column":9}},"line":44},"6":{"name":"(anonymous_6)","decl":{"start":{"line":75,"column":4},"end":{"line":75,"column":5}},"loc":{"start":{"line":75,"column":41},"end":{"line":92,"column":5}},"line":75},"7":{"name":"(anonymous_7)","decl":{"start":{"line":76,"column":25},"end":{"line":76,"column":26}},"loc":{"start":{"line":76,"column":36},"end":{"line":90,"column":9}},"line":76},"8":{"name":"(anonymous_8)","decl":{"start":{"line":77,"column":55},"end":{"line":77,"column":56}},"loc":{"start":{"line":77,"column":76},"end":{"line":89,"column":13}},"line":77}},"branchMap":{"0":{"loc":{"start":{"line":45,"column":12},"end":{"line":59,"column":13}},"type":"if","locations":[{"start":{"line":45,"column":12},"end":{"line":59,"column":13}},{"start":{"line":45,"column":12},"end":{"line":59,"column":13}}],"line":45},"1":{"loc":{"start":{"line":46,"column":16},"end":{"line":56,"column":17}},"type":"switch","locations":[{"start":{"line":48,"column":20},"end":{"line":50,"column":30}},{"start":{"line":51,"column":20},"end":{"line":53,"column":30}},{"start":{"line":54,"column":20},"end":{"line":55,"column":41}}],"line":46},"2":{"loc":{"start":{"line":79,"column":16},"end":{"line":88,"column":17}},"type":"if","locations":[{"start":{"line":79,"column":16},"end":{"line":88,"column":17}},{"start":{"line":79,"column":16},"end":{"line":88,"column":17}}],"line":79},"3":{"loc":{"start":{"line":80,"column":20},"end":{"line":85,"column":21}},"type":"if","locations":[{"start":{"line":80,"column":20},"end":{"line":85,"column":21}},{"start":{"line":80,"column":20},"end":{"line":85,"column":21}}],"line":80}},"s":{"0":1,"1":1,"2":1,"3":1,"4":1,"5":1,"6":1,"7":1,"8":0,"9":0,"10":0,"11":1,"12":2,"13":2,"14":1,"15":1,"16":0,"17":0,"18":0,"19":0,"20":1,"21":1,"22":0,"23":0,"24":0,"25":0,"26":0,"27":0,"28":0,"29":0,"30":0},"f":{"0":1,"1":1,"2":0,"3":0,"4":2,"5":2,"6":0,"7":0,"8":0},"b":{"0":[1,1],"1":[1,0,0],"2":[0,0],"3":[0,0]},"_coverageSchema":"332fd63041d2c1bcb487cc26dd0d5f7d97098a6c","hash":"301097824ca55f06845c1d5beeb4262657df6b5c"}
,"C:\\Users\\hayesbirchle\\Coding\\AllPawsOnDeck\\controller\\routes.js": {"path":"C:\\Users\\hayesbirchle\\Coding\\AllPawsOnDeck\\controller\\routes.js","statementMap":{"0":{"start":{"line":7,"column":12},"end":{"line":7,"column":37}},"1":{"start":{"line":8,"column":15},"end":{"line":8,"column":44}},"2":{"start":{"line":9,"column":15},"end":{"line":9,"column":54}},"3":{"start":{"line":12,"column":0},"end":{"line":177,"column":2}},"4":{"start":{"line":17,"column":4},"end":{"line":19,"column":7}},"5":{"start":{"line":18,"column":8},"end":{"line":18,"column":32}},"6":{"start":{"line":25,"column":4},"end":{"line":29,"column":7}},"7":{"start":{"line":28,"column":8},"end":{"line":28,"column":72}},"8":{"start":{"line":36,"column":4},"end":{"line":44,"column":6}},"9":{"start":{"line":50,"column":4},"end":{"line":54,"column":7}},"10":{"start":{"line":53,"column":8},"end":{"line":53,"column":74}},"11":{"start":{"line":59,"column":4},"end":{"line":63,"column":8}},"12":{"start":{"line":70,"column":4},"end":{"line":78,"column":7}},"13":{"start":{"line":71,"column":8},"end":{"line":77,"column":11}},"14":{"start":{"line":72,"column":12},"end":{"line":76,"column":15}},"15":{"start":{"line":80,"column":4},"end":{"line":92,"column":7}},"16":{"start":{"line":82,"column":8},"end":{"line":91,"column":9}},"17":{"start":{"line":84,"column":12},"end":{"line":88,"column":15}},"18":{"start":{"line":86,"column":16},"end":{"line":86,"column":67}},"19":{"start":{"line":86,"column":26},"end":{"line":86,"column":67}},"20":{"start":{"line":87,"column":16},"end":{"line":87,"column":41}},"21":{"start":{"line":90,"column":12},"end":{"line":90,"column":30}},"22":{"start":{"line":98,"column":4},"end":{"line":109,"column":7}},"23":{"start":{"line":99,"column":8},"end":{"line":108,"column":11}},"24":{"start":{"line":100,"column":12},"end":{"line":107,"column":15}},"25":{"start":{"line":101,"column":16},"end":{"line":106,"column":19}},"26":{"start":{"line":111,"column":4},"end":{"line":125,"column":7}},"27":{"start":{"line":113,"column":8},"end":{"line":124,"column":9}},"28":{"start":{"line":115,"column":12},"end":{"line":121,"column":15}},"29":{"start":{"line":117,"column":16},"end":{"line":117,"column":67}},"30":{"start":{"line":117,"column":26},"end":{"line":117,"column":67}},"31":{"start":{"line":119,"column":16},"end":{"line":119,"column":42}},"32":{"start":{"line":123,"column":12},"end":{"line":123,"column":30}},"33":{"start":{"line":132,"column":4},"end":{"line":137,"column":7}},"34":{"start":{"line":133,"column":8},"end":{"line":136,"column":11}},"35":{"start":{"line":143,"column":4},"end":{"line":151,"column":7}},"36":{"start":{"line":144,"column":8},"end":{"line":150,"column":11}},"37":{"start":{"line":145,"column":12},"end":{"line":149,"column":15}},"38":{"start":{"line":153,"column":4},"end":{"line":168,"column":7}},"39":{"start":{"line":155,"column":8},"end":{"line":167,"column":9}},"40":{"start":{"line":157,"column":12},"end":{"line":157,"column":35}},"41":{"start":{"line":158,"column":12},"end":{"line":164,"column":15}},"42":{"start":{"line":160,"column":16},"end":{"line":160,"column":67}},"43":{"start":{"line":160,"column":26},"end":{"line":160,"column":67}},"44":{"start":{"line":162,"column":16},"end":{"line":162,"column":52}},"45":{"start":{"line":166,"column":12},"end":{"line":166,"column":30}},"46":{"start":{"line":173,"column":4},"end":{"line":176,"column":7}},"47":{"start":{"line":174,"column":8},"end":{"line":174,"column":21}},"48":{"start":{"line":175,"column":8},"end":{"line":175,"column":26}},"49":{"start":{"line":183,"column":4},"end":{"line":184,"column":22}},"50":{"start":{"line":184,"column":8},"end":{"line":184,"column":22}},"51":{"start":{"line":187,"column":4},"end":{"line":187,"column":22}}},"fnMap":{"0":{"name":"(anonymous_0)","decl":{"start":{"line":12,"column":17},"end":{"line":12,"column":18}},"loc":{"start":{"line":12,"column":41},"end":{"line":177,"column":1}},"line":12},"1":{"name":"(anonymous_1)","decl":{"start":{"line":17,"column":17},"end":{"line":17,"column":18}},"loc":{"start":{"line":17,"column":36},"end":{"line":19,"column":5}},"line":17},"2":{"name":"(anonymous_2)","decl":{"start":{"line":25,"column":22},"end":{"line":25,"column":23}},"loc":{"start":{"line":25,"column":41},"end":{"line":29,"column":5}},"line":25},"3":{"name":"(anonymous_3)","decl":{"start":{"line":50,"column":23},"end":{"line":50,"column":24}},"loc":{"start":{"line":50,"column":42},"end":{"line":54,"column":5}},"line":50},"4":{"name":"(anonymous_4)","decl":{"start":{"line":70,"column":36},"end":{"line":70,"column":37}},"loc":{"start":{"line":70,"column":55},"end":{"line":78,"column":5}},"line":70},"5":{"name":"(anonymous_5)","decl":{"start":{"line":71,"column":33},"end":{"line":71,"column":34}},"loc":{"start":{"line":71,"column":53},"end":{"line":77,"column":9}},"line":71},"6":{"name":"(anonymous_6)","decl":{"start":{"line":80,"column":25},"end":{"line":80,"column":26}},"loc":{"start":{"line":80,"column":44},"end":{"line":92,"column":5}},"line":80},"7":{"name":"(anonymous_7)","decl":{"start":{"line":84,"column":44},"end":{"line":84,"column":45}},"loc":{"start":{"line":84,"column":64},"end":{"line":88,"column":13}},"line":84},"8":{"name":"(anonymous_8)","decl":{"start":{"line":98,"column":37},"end":{"line":98,"column":38}},"loc":{"start":{"line":98,"column":56},"end":{"line":109,"column":5}},"line":98},"9":{"name":"(anonymous_9)","decl":{"start":{"line":99,"column":33},"end":{"line":99,"column":34}},"loc":{"start":{"line":99,"column":54},"end":{"line":108,"column":9}},"line":99},"10":{"name":"(anonymous_10)","decl":{"start":{"line":100,"column":37},"end":{"line":100,"column":38}},"loc":{"start":{"line":100,"column":59},"end":{"line":107,"column":13}},"line":100},"11":{"name":"(anonymous_11)","decl":{"start":{"line":111,"column":26},"end":{"line":111,"column":27}},"loc":{"start":{"line":111,"column":45},"end":{"line":125,"column":5}},"line":111},"12":{"name":"(anonymous_12)","decl":{"start":{"line":115,"column":44},"end":{"line":115,"column":45}},"loc":{"start":{"line":115,"column":64},"end":{"line":121,"column":13}},"line":115},"13":{"name":"(anonymous_13)","decl":{"start":{"line":132,"column":40},"end":{"line":132,"column":41}},"loc":{"start":{"line":132,"column":59},"end":{"line":137,"column":5}},"line":132},"14":{"name":"(anonymous_14)","decl":{"start":{"line":143,"column":47},"end":{"line":143,"column":48}},"loc":{"start":{"line":143,"column":67},"end":{"line":151,"column":5}},"line":143},"15":{"name":"(anonymous_15)","decl":{"start":{"line":144,"column":33},"end":{"line":144,"column":34}},"loc":{"start":{"line":144,"column":55},"end":{"line":150,"column":9}},"line":144},"16":{"name":"(anonymous_16)","decl":{"start":{"line":153,"column":36},"end":{"line":153,"column":37}},"loc":{"start":{"line":153,"column":55},"end":{"line":168,"column":5}},"line":153},"17":{"name":"(anonymous_17)","decl":{"start":{"line":158,"column":37},"end":{"line":158,"column":38}},"loc":{"start":{"line":158,"column":57},"end":{"line":164,"column":13}},"line":158},"18":{"name":"(anonymous_18)","decl":{"start":{"line":173,"column":23},"end":{"line":173,"column":24}},"loc":{"start":{"line":173,"column":42},"end":{"line":176,"column":5}},"line":173},"19":{"name":"isLoggedIn","decl":{"start":{"line":180,"column":9},"end":{"line":180,"column":19}},"loc":{"start":{"line":180,"column":36},"end":{"line":188,"column":1}},"line":180}},"branchMap":{"0":{"loc":{"start":{"line":82,"column":8},"end":{"line":91,"column":9}},"type":"if","locations":[{"start":{"line":82,"column":8},"end":{"line":91,"column":9}},{"start":{"line":82,"column":8},"end":{"line":91,"column":9}}],"line":82},"1":{"loc":{"start":{"line":86,"column":16},"end":{"line":86,"column":67}},"type":"if","locations":[{"start":{"line":86,"column":16},"end":{"line":86,"column":67}},{"start":{"line":86,"column":16},"end":{"line":86,"column":67}}],"line":86},"2":{"loc":{"start":{"line":113,"column":8},"end":{"line":124,"column":9}},"type":"if","locations":[{"start":{"line":113,"column":8},"end":{"line":124,"column":9}},{"start":{"line":113,"column":8},"end":{"line":124,"column":9}}],"line":113},"3":{"loc":{"start":{"line":117,"column":16},"end":{"line":117,"column":67}},"type":"if","locations":[{"start":{"line":117,"column":16},"end":{"line":117,"column":67}},{"start":{"line":117,"column":16},"end":{"line":117,"column":67}}],"line":117},"4":{"loc":{"start":{"line":155,"column":8},"end":{"line":167,"column":9}},"type":"if","locations":[{"start":{"line":155,"column":8},"end":{"line":167,"column":9}},{"start":{"line":155,"column":8},"end":{"line":167,"column":9}}],"line":155},"5":{"loc":{"start":{"line":160,"column":16},"end":{"line":160,"column":67}},"type":"if","locations":[{"start":{"line":160,"column":16},"end":{"line":160,"column":67}},{"start":{"line":160,"column":16},"end":{"line":160,"column":67}}],"line":160},"6":{"loc":{"start":{"line":183,"column":4},"end":{"line":184,"column":22}},"type":"if","locations":[{"start":{"line":183,"column":4},"end":{"line":184,"column":22}},{"start":{"line":183,"column":4},"end":{"line":184,"column":22}}],"line":183}},"s":{"0":1,"1":1,"2":1,"3":1,"4":1,"5":1,"6":1,"7":1,"8":1,"9":1,"10":1,"11":1,"12":1,"13":0,"14":0,"15":1,"16":0,"17":0,"18":0,"19":0,"20":0,"21":0,"22":1,"23":0,"24":0,"25":0,"26":1,"27":0,"28":0,"29":0,"30":0,"31":0,"32":0,"33":1,"34":0,"35":1,"36":0,"37":0,"38":1,"39":0,"40":0,"41":0,"42":0,"43":0,"44":0,"45":0,"46":1,"47":0,"48":0,"49":5,"50":0,"51":5},"f":{"0":1,"1":1,"2":1,"3":1,"4":0,"5":0,"6":0,"7":0,"8":0,"9":0,"10":0,"11":0,"12":0,"13":0,"14":0,"15":0,"16":0,"17":0,"18":0,"19":5},"b":{"0":[0,0],"1":[0,0],"2":[0,0],"3":[0,0],"4":[0,0],"5":[0,0],"6":[0,5]},"_coverageSchema":"332fd63041d2c1bcb487cc26dd0d5f7d97098a6c","hash":"1380c3dc27c9f00d734d75e7ac49885d2dd9bab1"}
,"C:\\Users\\hayesbirchle\\Coding\\AllPawsOnDeck\\models\\VolunteerPositions.js": {"path":"C:\\Users\\hayesbirchle\\Coding\\AllPawsOnDeck\\models\\VolunteerPositions.js","statementMap":{"0":{"start":{"line":1,"column":15},"end":{"line":1,"column":34}},"1":{"start":{"line":3,"column":15},"end":{"line":7,"column":2}},"2":{"start":{"line":9,"column":16},"end":{"line":9,"column":61}},"3":{"start":{"line":12,"column":0},"end":{"line":31,"column":1}},"4":{"start":{"line":19,"column":4},"end":{"line":27,"column":7}},"5":{"start":{"line":20,"column":27},"end":{"line":20,"column":29}},"6":{"start":{"line":22,"column":8},"end":{"line":24,"column":11}},"7":{"start":{"line":23,"column":12},"end":{"line":23,"column":53}},"8":{"start":{"line":26,"column":8},"end":{"line":26,"column":38}},"9":{"start":{"line":35,"column":13},"end":{"line":35,"column":58}},"10":{"start":{"line":37,"column":0},"end":{"line":68,"column":1}},"11":{"start":{"line":38,"column":1},"end":{"line":67,"column":4}},"12":{"start":{"line":40,"column":2},"end":{"line":40,"column":33}},"13":{"start":{"line":41,"column":2},"end":{"line":44,"column":3}},"14":{"start":{"line":42,"column":3},"end":{"line":42,"column":57}},"15":{"start":{"line":43,"column":3},"end":{"line":43,"column":24}},"16":{"start":{"line":47,"column":2},"end":{"line":66,"column":3}},"17":{"start":{"line":49,"column":3},"end":{"line":49,"column":38}},"18":{"start":{"line":50,"column":3},"end":{"line":50,"column":32}},"19":{"start":{"line":55,"column":26},"end":{"line":55,"column":38}},"20":{"start":{"line":57,"column":3},"end":{"line":57,"column":46}},"21":{"start":{"line":58,"column":3},"end":{"line":58,"column":52}},"22":{"start":{"line":61,"column":3},"end":{"line":65,"column":6}},"23":{"start":{"line":62,"column":4},"end":{"line":63,"column":16}},"24":{"start":{"line":63,"column":5},"end":{"line":63,"column":16}},"25":{"start":{"line":64,"column":4},"end":{"line":64,"column":33}}},"fnMap":{"0":{"name":"(anonymous_0)","decl":{"start":{"line":12,"column":26},"end":{"line":12,"column":27}},"loc":{"start":{"line":12,"column":46},"end":{"line":31,"column":1}},"line":12},"1":{"name":"(anonymous_1)","decl":{"start":{"line":19,"column":23},"end":{"line":19,"column":24}},"loc":{"start":{"line":19,"column":49},"end":{"line":27,"column":5}},"line":19},"2":{"name":"(anonymous_2)","decl":{"start":{"line":22,"column":26},"end":{"line":22,"column":27}},"loc":{"start":{"line":22,"column":46},"end":{"line":24,"column":9}},"line":22},"3":{"name":"(anonymous_3)","decl":{"start":{"line":37,"column":16},"end":{"line":37,"column":17}},"loc":{"start":{"line":37,"column":44},"end":{"line":68,"column":1}},"line":37},"4":{"name":"(anonymous_4)","decl":{"start":{"line":38,"column":57},"end":{"line":38,"column":58}},"loc":{"start":{"line":38,"column":75},"end":{"line":67,"column":2}},"line":38},"5":{"name":"(anonymous_5)","decl":{"start":{"line":61,"column":14},"end":{"line":61,"column":15}},"loc":{"start":{"line":61,"column":28},"end":{"line":65,"column":4}},"line":61}},"branchMap":{"0":{"loc":{"start":{"line":41,"column":2},"end":{"line":44,"column":3}},"type":"if","locations":[{"start":{"line":41,"column":2},"end":{"line":44,"column":3}},{"start":{"line":41,"column":2},"end":{"line":44,"column":3}}],"line":41},"1":{"loc":{"start":{"line":47,"column":2},"end":{"line":66,"column":3}},"type":"if","locations":[{"start":{"line":47,"column":2},"end":{"line":66,"column":3}},{"start":{"line":47,"column":2},"end":{"line":66,"column":3}}],"line":47},"2":{"loc":{"start":{"line":62,"column":4},"end":{"line":63,"column":16}},"type":"if","locations":[{"start":{"line":62,"column":4},"end":{"line":63,"column":16}},{"start":{"line":62,"column":4},"end":{"line":63,"column":16}}],"line":62}},"s":{"0":1,"1":1,"2":1,"3":1,"4":0,"5":0,"6":0,"7":0,"8":0,"9":1,"10":1,"11":0,"12":0,"13":0,"14":0,"15":0,"16":0,"17":0,"18":0,"19":0,"20":0,"21":0,"22":0,"23":0,"24":0,"25":0},"f":{"0":0,"1":0,"2":0,"3":0,"4":0,"5":0},"b":{"0":[0,0],"1":[0,0],"2":[0,0]},"_coverageSchema":"332fd63041d2c1bcb487cc26dd0d5f7d97098a6c","hash":"3aadfc9cd4e9ff7b32ce6a692b34efa71e60d5e7"}
,"C:\\Users\\hayesbirchle\\Coding\\AllPawsOnDeck\\models\\training.js": {"path":"C:\\Users\\hayesbirchle\\Coding\\AllPawsOnDeck\\models\\training.js","statementMap":{"0":{"start":{"line":1,"column":15},"end":{"line":1,"column":34}},"1":{"start":{"line":3,"column":21},"end":{"line":6,"column":2}},"2":{"start":{"line":11,"column":16},"end":{"line":11,"column":58}},"3":{"start":{"line":14,"column":0},"end":{"line":33,"column":1}},"4":{"start":{"line":21,"column":4},"end":{"line":29,"column":9}},"5":{"start":{"line":22,"column":27},"end":{"line":22,"column":29}},"6":{"start":{"line":24,"column":8},"end":{"line":26,"column":11}},"7":{"start":{"line":25,"column":12},"end":{"line":25,"column":53}},"8":{"start":{"line":28,"column":8},"end":{"line":28,"column":38}}},"fnMap":{"0":{"name":"(anonymous_0)","decl":{"start":{"line":14,"column":26},"end":{"line":14,"column":27}},"loc":{"start":{"line":14,"column":44},"end":{"line":33,"column":1}},"line":14},"1":{"name":"(anonymous_1)","decl":{"start":{"line":21,"column":23},"end":{"line":21,"column":24}},"loc":{"start":{"line":21,"column":48},"end":{"line":29,"column":7}},"line":21},"2":{"name":"(anonymous_2)","decl":{"start":{"line":24,"column":26},"end":{"line":24,"column":27}},"loc":{"start":{"line":24,"column":45},"end":{"line":26,"column":9}},"line":24}},"branchMap":{},"s":{"0":1,"1":1,"2":1,"3":1,"4":0,"5":0,"6":0,"7":0,"8":0},"f":{"0":0,"1":0,"2":0},"b":{},"_coverageSchema":"332fd63041d2c1bcb487cc26dd0d5f7d97098a6c","hash":"657177ce2bb7be9477d479e3a0ae12a18fa080e9"}
,"C:\\Users\\hayesbirchle\\Coding\\AllPawsOnDeck\\models\\user.js": {"path":"C:\\Users\\hayesbirchle\\Coding\\AllPawsOnDeck\\models\\user.js","statementMap":{"0":{"start":{"line":3,"column":15},"end":{"line":3,"column":34}},"1":{"start":{"line":4,"column":15},"end":{"line":4,"column":39}},"2":{"start":{"line":5,"column":19},"end":{"line":5,"column":41}},"3":{"start":{"line":7,"column":27},"end":{"line":7,"column":37}},"4":{"start":{"line":8,"column":30},"end":{"line":8,"column":43}},"5":{"start":{"line":14,"column":17},"end":{"line":43,"column":2}},"6":{"start":{"line":47,"column":0},"end":{"line":49,"column":2}},"7":{"start":{"line":48,"column":4},"end":{"line":48,"column":66}},"8":{"start":{"line":52,"column":0},"end":{"line":54,"column":2}},"9":{"start":{"line":53,"column":4},"end":{"line":53,"column":61}},"10":{"start":{"line":59,"column":11},"end":{"line":59,"column":45}},"11":{"start":{"line":65,"column":0},"end":{"line":85,"column":1}},"12":{"start":{"line":67,"column":4},"end":{"line":67,"column":61}},"13":{"start":{"line":68,"column":4},"end":{"line":84,"column":7}},"14":{"start":{"line":69,"column":8},"end":{"line":69,"column":87}},"15":{"start":{"line":70,"column":8},"end":{"line":73,"column":9}},"16":{"start":{"line":71,"column":12},"end":{"line":71,"column":65}},"17":{"start":{"line":72,"column":12},"end":{"line":72,"column":33}},"18":{"start":{"line":77,"column":8},"end":{"line":80,"column":9}},"19":{"start":{"line":78,"column":12},"end":{"line":78,"column":42}},"20":{"start":{"line":79,"column":12},"end":{"line":79,"column":57}},"21":{"start":{"line":81,"column":8},"end":{"line":81,"column":59}},"22":{"start":{"line":83,"column":8},"end":{"line":83,"column":36}},"23":{"start":{"line":90,"column":0},"end":{"line":115,"column":1}},"24":{"start":{"line":91,"column":4},"end":{"line":91,"column":63}},"25":{"start":{"line":92,"column":4},"end":{"line":114,"column":7}},"26":{"start":{"line":93,"column":8},"end":{"line":93,"column":51}},"27":{"start":{"line":95,"column":8},"end":{"line":111,"column":9}},"28":{"start":{"line":96,"column":12},"end":{"line":106,"column":13}},"29":{"start":{"line":97,"column":16},"end":{"line":97,"column":105}},"30":{"start":{"line":99,"column":16},"end":{"line":102,"column":19}},"31":{"start":{"line":100,"column":20},"end":{"line":100,"column":50}},"32":{"start":{"line":100,"column":29},"end":{"line":100,"column":50}},"33":{"start":{"line":101,"column":20},"end":{"line":101,"column":50}},"34":{"start":{"line":104,"column":16},"end":{"line":104,"column":71}},"35":{"start":{"line":105,"column":16},"end":{"line":105,"column":37}},"36":{"start":{"line":109,"column":12},"end":{"line":109,"column":48}},"37":{"start":{"line":110,"column":12},"end":{"line":110,"column":65}},"38":{"start":{"line":122,"column":0},"end":{"line":160,"column":1}},"39":{"start":{"line":124,"column":4},"end":{"line":159,"column":7}},"40":{"start":{"line":125,"column":8},"end":{"line":128,"column":9}},"41":{"start":{"line":126,"column":12},"end":{"line":126,"column":49}},"42":{"start":{"line":127,"column":12},"end":{"line":127,"column":33}},"43":{"start":{"line":131,"column":8},"end":{"line":131,"column":52}},"44":{"start":{"line":132,"column":8},"end":{"line":132,"column":50}},"45":{"start":{"line":133,"column":8},"end":{"line":133,"column":56}},"46":{"start":{"line":134,"column":8},"end":{"line":134,"column":66}},"47":{"start":{"line":135,"column":8},"end":{"line":141,"column":9}},"48":{"start":{"line":136,"column":12},"end":{"line":136,"column":40}},"49":{"start":{"line":137,"column":12},"end":{"line":137,"column":46}},"50":{"start":{"line":139,"column":12},"end":{"line":139,"column":41}},"51":{"start":{"line":140,"column":12},"end":{"line":140,"column":47}},"52":{"start":{"line":144,"column":8},"end":{"line":144,"column":52}},"53":{"start":{"line":145,"column":8},"end":{"line":145,"column":52}},"54":{"start":{"line":146,"column":8},"end":{"line":146,"column":44}},"55":{"start":{"line":147,"column":8},"end":{"line":147,"column":46}},"56":{"start":{"line":149,"column":8},"end":{"line":149,"column":38}},"57":{"start":{"line":150,"column":8},"end":{"line":150,"column":42}},"58":{"start":{"line":151,"column":8},"end":{"line":151,"column":40}},"59":{"start":{"line":154,"column":8},"end":{"line":158,"column":11}},"60":{"start":{"line":155,"column":12},"end":{"line":156,"column":37}},"61":{"start":{"line":156,"column":16},"end":{"line":156,"column":37}},"62":{"start":{"line":157,"column":12},"end":{"line":157,"column":40}},"63":{"start":{"line":162,"column":0},"end":{"line":167,"column":1}},"64":{"start":{"line":164,"column":4},"end":{"line":166,"column":7}},"65":{"start":{"line":165,"column":7},"end":{"line":165,"column":35}},"66":{"start":{"line":169,"column":0},"end":{"line":178,"column":1}},"67":{"start":{"line":170,"column":4},"end":{"line":177,"column":7}},"68":{"start":{"line":171,"column":8},"end":{"line":176,"column":9}},"69":{"start":{"line":172,"column":16},"end":{"line":172,"column":47}},"70":{"start":{"line":175,"column":16},"end":{"line":175,"column":39}},"71":{"start":{"line":187,"column":4},"end":{"line":187,"column":42}},"72":{"start":{"line":188,"column":4},"end":{"line":201,"column":7}},"73":{"start":{"line":189,"column":8},"end":{"line":189,"column":51}},"74":{"start":{"line":191,"column":8},"end":{"line":192,"column":33}},"75":{"start":{"line":192,"column":12},"end":{"line":192,"column":33}},"76":{"start":{"line":195,"column":8},"end":{"line":195,"column":69}},"77":{"start":{"line":196,"column":8},"end":{"line":196,"column":64}},"78":{"start":{"line":196,"column":19},"end":{"line":196,"column":64}},"79":{"start":{"line":199,"column":8},"end":{"line":199,"column":49}},"80":{"start":{"line":200,"column":8},"end":{"line":200,"column":36}},"81":{"start":{"line":209,"column":18},"end":{"line":209,"column":28}},"82":{"start":{"line":212,"column":4},"end":{"line":212,"column":35}},"83":{"start":{"line":213,"column":4},"end":{"line":213,"column":42}},"84":{"start":{"line":214,"column":4},"end":{"line":214,"column":60}},"85":{"start":{"line":215,"column":4},"end":{"line":215,"column":32}},"86":{"start":{"line":216,"column":4},"end":{"line":216,"column":49}},"87":{"start":{"line":217,"column":4},"end":{"line":217,"column":47}},"88":{"start":{"line":218,"column":4},"end":{"line":218,"column":44}},"89":{"start":{"line":219,"column":4},"end":{"line":219,"column":48}},"90":{"start":{"line":220,"column":4},"end":{"line":220,"column":40}},"91":{"start":{"line":223,"column":4},"end":{"line":223,"column":42}},"92":{"start":{"line":224,"column":4},"end":{"line":231,"column":7}},"93":{"start":{"line":225,"column":8},"end":{"line":225,"column":45}},"94":{"start":{"line":226,"column":8},"end":{"line":227,"column":33}},"95":{"start":{"line":227,"column":12},"end":{"line":227,"column":33}},"96":{"start":{"line":228,"column":8},"end":{"line":228,"column":50}},"97":{"start":{"line":229,"column":8},"end":{"line":229,"column":90}},"98":{"start":{"line":230,"column":8},"end":{"line":230,"column":39}},"99":{"start":{"line":238,"column":0},"end":{"line":238,"column":54}}},"fnMap":{"0":{"name":"(anonymous_0)","decl":{"start":{"line":47,"column":34},"end":{"line":47,"column":35}},"loc":{"start":{"line":47,"column":53},"end":{"line":49,"column":1}},"line":47},"1":{"name":"(anonymous_1)","decl":{"start":{"line":52,"column":35},"end":{"line":52,"column":36}},"loc":{"start":{"line":52,"column":54},"end":{"line":54,"column":1}},"line":52},"2":{"name":"(anonymous_2)","decl":{"start":{"line":65,"column":23},"end":{"line":65,"column":24}},"loc":{"start":{"line":65,"column":58},"end":{"line":85,"column":1}},"line":65},"3":{"name":"(anonymous_3)","decl":{"start":{"line":68,"column":26},"end":{"line":68,"column":27}},"loc":{"start":{"line":68,"column":45},"end":{"line":84,"column":5}},"line":68},"4":{"name":"(anonymous_4)","decl":{"start":{"line":90,"column":25},"end":{"line":90,"column":26}},"loc":{"start":{"line":90,"column":65},"end":{"line":115,"column":1}},"line":90},"5":{"name":"(anonymous_5)","decl":{"start":{"line":92,"column":26},"end":{"line":92,"column":27}},"loc":{"start":{"line":92,"column":45},"end":{"line":114,"column":5}},"line":92},"6":{"name":"(anonymous_6)","decl":{"start":{"line":99,"column":49},"end":{"line":99,"column":50}},"loc":{"start":{"line":99,"column":71},"end":{"line":102,"column":17}},"line":99},"7":{"name":"(anonymous_7)","decl":{"start":{"line":122,"column":26},"end":{"line":122,"column":27}},"loc":{"start":{"line":122,"column":54},"end":{"line":160,"column":1}},"line":122},"8":{"name":"(anonymous_8)","decl":{"start":{"line":124,"column":41},"end":{"line":124,"column":42}},"loc":{"start":{"line":124,"column":62},"end":{"line":159,"column":5}},"line":124},"9":{"name":"(anonymous_9)","decl":{"start":{"line":154,"column":20},"end":{"line":154,"column":21}},"loc":{"start":{"line":154,"column":34},"end":{"line":158,"column":9}},"line":154},"10":{"name":"(anonymous_10)","decl":{"start":{"line":162,"column":22},"end":{"line":162,"column":23}},"loc":{"start":{"line":162,"column":44},"end":{"line":167,"column":1}},"line":162},"11":{"name":"(anonymous_11)","decl":{"start":{"line":164,"column":22},"end":{"line":164,"column":23}},"loc":{"start":{"line":164,"column":42},"end":{"line":166,"column":5}},"line":164},"12":{"name":"(anonymous_12)","decl":{"start":{"line":169,"column":25},"end":{"line":169,"column":26}},"loc":{"start":{"line":169,"column":48},"end":{"line":178,"column":1}},"line":169},"13":{"name":"(anonymous_13)","decl":{"start":{"line":170,"column":38},"end":{"line":170,"column":39}},"loc":{"start":{"line":170,"column":52},"end":{"line":177,"column":5}},"line":170},"14":{"name":"getUserByEmail","decl":{"start":{"line":186,"column":9},"end":{"line":186,"column":23}},"loc":{"start":{"line":186,"column":40},"end":{"line":202,"column":1}},"line":186},"15":{"name":"(anonymous_15)","decl":{"start":{"line":188,"column":45},"end":{"line":188,"column":46}},"loc":{"start":{"line":188,"column":65},"end":{"line":201,"column":5}},"line":188},"16":{"name":"AddNewUser","decl":{"start":{"line":207,"column":9},"end":{"line":207,"column":19}},"loc":{"start":{"line":207,"column":51},"end":{"line":232,"column":1}},"line":207},"17":{"name":"(anonymous_17)","decl":{"start":{"line":224,"column":17},"end":{"line":224,"column":18}},"loc":{"start":{"line":224,"column":31},"end":{"line":231,"column":5}},"line":224}},"branchMap":{"0":{"loc":{"start":{"line":70,"column":8},"end":{"line":73,"column":9}},"type":"if","locations":[{"start":{"line":70,"column":8},"end":{"line":73,"column":9}},{"start":{"line":70,"column":8},"end":{"line":73,"column":9}}],"line":70},"1":{"loc":{"start":{"line":77,"column":8},"end":{"line":80,"column":9}},"type":"if","locations":[{"start":{"line":77,"column":8},"end":{"line":80,"column":9}},{"start":{"line":77,"column":8},"end":{"line":80,"column":9}}],"line":77},"2":{"loc":{"start":{"line":95,"column":8},"end":{"line":111,"column":9}},"type":"if","locations":[{"start":{"line":95,"column":8},"end":{"line":111,"column":9}},{"start":{"line":95,"column":8},"end":{"line":111,"column":9}}],"line":95},"3":{"loc":{"start":{"line":96,"column":12},"end":{"line":106,"column":13}},"type":"if","locations":[{"start":{"line":96,"column":12},"end":{"line":106,"column":13}},{"start":{"line":96,"column":12},"end":{"line":106,"column":13}}],"line":96},"4":{"loc":{"start":{"line":100,"column":20},"end":{"line":100,"column":50}},"type":"if","locations":[{"start":{"line":100,"column":20},"end":{"line":100,"column":50}},{"start":{"line":100,"column":20},"end":{"line":100,"column":50}}],"line":100},"5":{"loc":{"start":{"line":125,"column":8},"end":{"line":128,"column":9}},"type":"if","locations":[{"start":{"line":125,"column":8},"end":{"line":128,"column":9}},{"start":{"line":125,"column":8},"end":{"line":128,"column":9}}],"line":125},"6":{"loc":{"start":{"line":135,"column":8},"end":{"line":141,"column":9}},"type":"if","locations":[{"start":{"line":135,"column":8},"end":{"line":141,"column":9}},{"start":{"line":135,"column":8},"end":{"line":141,"column":9}}],"line":135},"7":{"loc":{"start":{"line":155,"column":12},"end":{"line":156,"column":37}},"type":"if","locations":[{"start":{"line":155,"column":12},"end":{"line":156,"column":37}},{"start":{"line":155,"column":12},"end":{"line":156,"column":37}}],"line":155},"8":{"loc":{"start":{"line":171,"column":8},"end":{"line":176,"column":9}},"type":"if","locations":[{"start":{"line":171,"column":8},"end":{"line":176,"column":9}},{"start":{"line":171,"column":8},"end":{"line":176,"column":9}}],"line":171},"9":{"loc":{"start":{"line":191,"column":8},"end":{"line":192,"column":33}},"type":"if","locations":[{"start":{"line":191,"column":8},"end":{"line":192,"column":33}},{"start":{"line":191,"column":8},"end":{"line":192,"column":33}}],"line":191},"10":{"loc":{"start":{"line":196,"column":8},"end":{"line":196,"column":64}},"type":"if","locations":[{"start":{"line":196,"column":8},"end":{"line":196,"column":64}},{"start":{"line":196,"column":8},"end":{"line":196,"column":64}}],"line":196},"11":{"loc":{"start":{"line":226,"column":8},"end":{"line":227,"column":33}},"type":"if","locations":[{"start":{"line":226,"column":8},"end":{"line":227,"column":33}},{"start":{"line":226,"column":8},"end":{"line":227,"column":33}}],"line":226}},"s":{"0":2,"1":2,"2":2,"3":2,"4":2,"5":2,"6":2,"7":0,"8":2,"9":2,"10":2,"11":2,"12":2,"13":2,"14":2,"15":2,"16":0,"17":0,"18":2,"19":1,"20":1,"21":1,"22":1,"23":2,"24":2,"25":2,"26":0,"27":0,"28":0,"29":0,"30":0,"31":0,"32":0,"33":0,"34":0,"35":0,"36":0,"37":0,"38":2,"39":0,"40":0,"41":0,"42":0,"43":0,"44":0,"45":0,"46":0,"47":0,"48":0,"49":0,"50":0,"51":0,"52":0,"53":0,"54":0,"55":0,"56":0,"57":0,"58":0,"59":0,"60":0,"61":0,"62":0,"63":2,"64":0,"65":0,"66":2,"67":0,"68":0,"69":0,"70":0,"71":4,"72":4,"73":2,"74":2,"75":0,"76":2,"77":2,"78":0,"79":2,"80":2,"81":0,"82":0,"83":0,"84":0,"85":0,"86":0,"87":0,"88":0,"89":0,"90":0,"91":0,"92":0,"93":0,"94":0,"95":0,"96":0,"97":0,"98":0,"99":2},"f":{"0":0,"1":2,"2":2,"3":2,"4":2,"5":0,"6":0,"7":0,"8":0,"9":0,"10":0,"11":0,"12":0,"13":0,"14":4,"15":2,"16":0,"17":0},"b":{"0":[0,2],"1":[1,1],"2":[0,0],"3":[0,0],"4":[0,0],"5":[0,0],"6":[0,0],"7":[0,0],"8":[0,0],"9":[0,2],"10":[0,2],"11":[0,0]},"_coverageSchema":"332fd63041d2c1bcb487cc26dd0d5f7d97098a6c","hash":"831fa9f09b92bbc00fd412a637654230a9ce452a"}
}
