TN:
SF:C:\Users\hayesbirchle\Coding\AllPawsOnDeck\server.js
FN:44,(anonymous_0)
FNF:1
FNH:1
FNDA:1,(anonymous_0)
DA:16,1
DA:17,1
DA:18,1
DA:19,1
DA:20,1
DA:21,1
DA:23,1
DA:24,1
DA:25,1
DA:26,1
DA:29,1
DA:44,1
DA:45,1
DA:46,0
DA:48,1
DA:54,1
DA:56,1
DA:58,1
DA:60,1
DA:63,1
DA:69,1
DA:70,1
DA:72,1
DA:76,1
DA:77,1
DA:78,1
DA:79,1
DA:82,1
DA:85,1
DA:87,1
DA:89,1
DA:91,1
LF:32
LH:31
BRDA:18,0,0,1
BRDA:18,0,1,1
BRDA:45,1,0,0
BRDA:45,1,1,1
BRF:4
BRH:3
end_of_record
TN:
SF:C:\Users\hayesbirchle\Coding\AllPawsOnDeck\config\passport.js
FN:9,(anonymous_0)
FN:18,(anonymous_1)
FN:24,(anonymous_2)
FN:26,(anonymous_3)
FN:40,(anonymous_4)
FN:44,(anonymous_5)
FN:75,(anonymous_6)
FN:76,(anonymous_7)
FN:77,(anonymous_8)
FNF:9
FNH:4
FNDA:1,(anonymous_0)
FNDA:1,(anonymous_1)
FNDA:0,(anonymous_2)
FNDA:0,(anonymous_3)
FNDA:2,(anonymous_4)
FNDA:2,(anonymous_5)
FNDA:0,(anonymous_6)
FNDA:0,(anonymous_7)
FNDA:0,(anonymous_8)
DA:1,1
DA:3,1
DA:6,1
DA:9,1
DA:18,1
DA:19,1
DA:20,1
DA:24,1
DA:25,0
DA:26,0
DA:27,0
DA:34,1
DA:44,2
DA:45,2
DA:46,1
DA:49,1
DA:50,0
DA:52,0
DA:53,0
DA:55,0
DA:58,1
DA:69,1
DA:76,0
DA:77,0
DA:78,0
DA:79,0
DA:80,0
DA:81,0
DA:83,0
DA:84,0
DA:87,0
LF:31
LH:15
BRDA:45,0,0,1
BRDA:45,0,1,1
BRDA:46,1,0,1
BRDA:46,1,1,0
BRDA:46,1,2,0
BRDA:79,2,0,0
BRDA:79,2,1,0
BRDA:80,3,0,0
BRDA:80,3,1,0
BRF:9
BRH:3
end_of_record
TN:
SF:C:\Users\hayesbirchle\Coding\AllPawsOnDeck\controller\routes.js
FN:12,(anonymous_0)
FN:17,(anonymous_1)
FN:25,(anonymous_2)
FN:50,(anonymous_3)
FN:70,(anonymous_4)
FN:71,(anonymous_5)
FN:80,(anonymous_6)
FN:84,(anonymous_7)
FN:98,(anonymous_8)
FN:99,(anonymous_9)
FN:100,(anonymous_10)
FN:111,(anonymous_11)
FN:115,(anonymous_12)
FN:132,(anonymous_13)
FN:143,(anonymous_14)
FN:144,(anonymous_15)
FN:153,(anonymous_16)
FN:158,(anonymous_17)
FN:173,(anonymous_18)
FN:180,isLoggedIn
FNF:20
FNH:5
FNDA:1,(anonymous_0)
FNDA:1,(anonymous_1)
FNDA:1,(anonymous_2)
FNDA:1,(anonymous_3)
FNDA:0,(anonymous_4)
FNDA:0,(anonymous_5)
FNDA:0,(anonymous_6)
FNDA:0,(anonymous_7)
FNDA:0,(anonymous_8)
FNDA:0,(anonymous_9)
FNDA:0,(anonymous_10)
FNDA:0,(anonymous_11)
FNDA:0,(anonymous_12)
FNDA:0,(anonymous_13)
FNDA:0,(anonymous_14)
FNDA:0,(anonymous_15)
FNDA:0,(anonymous_16)
FNDA:0,(anonymous_17)
FNDA:0,(anonymous_18)
FNDA:5,isLoggedIn
DA:7,1
DA:8,1
DA:9,1
DA:12,1
DA:17,1
DA:18,1
DA:25,1
DA:28,1
DA:36,1
DA:50,1
DA:53,1
DA:59,1
DA:70,1
DA:71,0
DA:72,0
DA:80,1
DA:82,0
DA:84,0
DA:86,0
DA:87,0
DA:90,0
DA:98,1
DA:99,0
DA:100,0
DA:101,0
DA:111,1
DA:113,0
DA:115,0
DA:117,0
DA:119,0
DA:123,0
DA:132,1
DA:133,0
DA:143,1
DA:144,0
DA:145,0
DA:153,1
DA:155,0
DA:157,0
DA:158,0
DA:160,0
DA:162,0
DA:166,0
DA:173,1
DA:174,0
DA:175,0
DA:183,5
DA:184,0
DA:187,5
LF:49
LH:22
BRDA:82,0,0,0
BRDA:82,0,1,0
BRDA:86,1,0,0
BRDA:86,1,1,0
BRDA:113,2,0,0
BRDA:113,2,1,0
BRDA:117,3,0,0
BRDA:117,3,1,0
BRDA:155,4,0,0
BRDA:155,4,1,0
BRDA:160,5,0,0
BRDA:160,5,1,0
BRDA:183,6,0,0
BRDA:183,6,1,5
BRF:14
BRH:1
end_of_record
TN:
SF:C:\Users\hayesbirchle\Coding\AllPawsOnDeck\models\VolunteerPositions.js
FN:12,(anonymous_0)
FN:19,(anonymous_1)
FN:22,(anonymous_2)
FN:37,(anonymous_3)
FN:38,(anonymous_4)
FN:61,(anonymous_5)
FNF:6
FNH:0
FNDA:0,(anonymous_0)
FNDA:0,(anonymous_1)
FNDA:0,(anonymous_2)
FNDA:0,(anonymous_3)
FNDA:0,(anonymous_4)
FNDA:0,(anonymous_5)
DA:1,1
DA:3,1
DA:9,1
DA:12,1
DA:19,0
DA:20,0
DA:22,0
DA:23,0
DA:26,0
DA:35,1
DA:37,1
DA:38,0
DA:40,0
DA:41,0
DA:42,0
DA:43,0
DA:47,0
DA:49,0
DA:50,0
DA:55,0
DA:57,0
DA:58,0
DA:61,0
DA:62,0
DA:63,0
DA:64,0
LF:26
LH:6
BRDA:41,0,0,0
BRDA:41,0,1,0
BRDA:47,1,0,0
BRDA:47,1,1,0
BRDA:62,2,0,0
BRDA:62,2,1,0
BRF:6
BRH:0
end_of_record
TN:
SF:C:\Users\hayesbirchle\Coding\AllPawsOnDeck\models\training.js
FN:14,(anonymous_0)
FN:21,(anonymous_1)
FN:24,(anonymous_2)
FNF:3
FNH:0
FNDA:0,(anonymous_0)
FNDA:0,(anonymous_1)
FNDA:0,(anonymous_2)
DA:1,1
DA:3,1
DA:11,1
DA:14,1
DA:21,0
DA:22,0
DA:24,0
DA:25,0
DA:28,0
LF:9
LH:4
BRF:0
BRH:0
end_of_record
TN:
SF:C:\Users\hayesbirchle\Coding\AllPawsOnDeck\models\user.js
FN:47,(anonymous_0)
FN:52,(anonymous_1)
FN:65,(anonymous_2)
FN:68,(anonymous_3)
FN:90,(anonymous_4)
FN:92,(anonymous_5)
FN:99,(anonymous_6)
FN:122,(anonymous_7)
FN:124,(anonymous_8)
FN:154,(anonymous_9)
FN:162,(anonymous_10)
FN:164,(anonymous_11)
FN:169,(anonymous_12)
FN:170,(anonymous_13)
FN:186,getUserByEmail
FN:188,(anonymous_15)
FN:207,AddNewUser
FN:224,(anonymous_17)
FNF:18
FNH:6
FNDA:0,(anonymous_0)
FNDA:2,(anonymous_1)
FNDA:2,(anonymous_2)
FNDA:2,(anonymous_3)
FNDA:2,(anonymous_4)
FNDA:0,(anonymous_5)
FNDA:0,(anonymous_6)
FNDA:0,(anonymous_7)
FNDA:0,(anonymous_8)
FNDA:0,(anonymous_9)
FNDA:0,(anonymous_10)
FNDA:0,(anonymous_11)
FNDA:0,(anonymous_12)
FNDA:0,(anonymous_13)
FNDA:4,getUserByEmail
FNDA:2,(anonymous_15)
FNDA:0,AddNewUser
FNDA:0,(anonymous_17)
DA:3,2
DA:4,2
DA:5,2
DA:7,2
DA:8,2
DA:14,2
DA:47,2
DA:48,0
DA:52,2
DA:53,2
DA:59,2
DA:65,2
DA:67,2
DA:68,2
DA:69,2
DA:70,2
DA:71,0
DA:72,0
DA:77,2
DA:78,1
DA:79,1
DA:81,1
DA:83,1
DA:90,2
DA:91,2
DA:92,2
DA:93,0
DA:95,0
DA:96,0
DA:97,0
DA:99,0
DA:100,0
DA:101,0
DA:104,0
DA:105,0
DA:109,0
DA:110,0
DA:122,2
DA:124,0
DA:125,0
DA:126,0
DA:127,0
DA:131,0
DA:132,0
DA:133,0
DA:134,0
DA:135,0
DA:136,0
DA:137,0
DA:139,0
DA:140,0
DA:144,0
DA:145,0
DA:146,0
DA:147,0
DA:149,0
DA:150,0
DA:151,0
DA:154,0
DA:155,0
DA:156,0
DA:157,0
DA:162,2
DA:164,0
DA:165,0
DA:169,2
DA:170,0
DA:171,0
DA:172,0
DA:175,0
DA:187,4
DA:188,4
DA:189,2
DA:191,2
DA:192,0
DA:195,2
DA:196,2
DA:199,2
DA:200,2
DA:209,0
DA:212,0
DA:213,0
DA:214,0
DA:215,0
DA:216,0
DA:217,0
DA:218,0
DA:219,0
DA:220,0
DA:223,0
DA:224,0
DA:225,0
DA:226,0
DA:227,0
DA:228,0
DA:229,0
DA:230,0
DA:238,2
LF:98
LH:35
BRDA:70,0,0,0
BRDA:70,0,1,2
BRDA:77,1,0,1
BRDA:77,1,1,1
BRDA:95,2,0,0
BRDA:95,2,1,0
BRDA:96,3,0,0
BRDA:96,3,1,0
BRDA:100,4,0,0
BRDA:100,4,1,0
BRDA:125,5,0,0
BRDA:125,5,1,0
BRDA:135,6,0,0
BRDA:135,6,1,0
BRDA:155,7,0,0
BRDA:155,7,1,0
BRDA:171,8,0,0
BRDA:171,8,1,0
BRDA:191,9,0,0
BRDA:191,9,1,2
BRDA:196,10,0,0
BRDA:196,10,1,2
BRDA:226,11,0,0
BRDA:226,11,1,0
BRF:24
BRH:5
end_of_record
